<?xml version="1.0" encoding="UTF-8"?>
<testsuite xmlns:xsi="http://www.w3.org/2001/XMLSchema-instance" xsi:noNamespaceSchemaLocation="https://maven.apache.org/surefire/maven-surefire-plugin/xsd/surefire-test-report-3.0.xsd" version="3.0" name="com.codevision.codevisionbackend.project.ProjectSnapshotServiceTest" time="1.51" tests="5" errors="0" skipped="0" failures="0">
  <properties>
[...]
</properties>
  <testcase name="saveSnapshotResolvesDetachedProjectByRepoUrl" classname="com.codevision.codevisionbackend.project.ProjectSnapshotServiceTest" time="0.097">
    <system-out><![CDATA[11:05:11.228 [main] INFO org.springframework.test.context.support.AnnotationConfigContextLoaderUtils -- Could not detect default configuration classes for test class [com.codevision.codevisionbackend.project.ProjectSnapshotServiceTest]: ProjectSnapshotServiceTest does not declare any static, non-private, non-final, nested classes annotated with @Configuration.
11:05:11.280 [main] INFO org.springframework.boot.test.context.SpringBootTestContextBootstrapper -- Found @SpringBootConfiguration com.codevision.codevisionbackend.CodevisionBackendApplication for test class com.codevision.codevisionbackend.project.ProjectSnapshotServiceTest

  .   ____          _            __ _ _
 /\\ / ___'_ __ _ _(_)_ __  __ _ \ \ \ \
( ( )\___ | '_ | '_| | '_ \/ _` | \ \ \ \
 \\/  ___)| |_)| | | | | || (_| |  ) ) ) )
  '  |____| .__|_| |_|_| |_\__, | / / / /
 =========|_|==============|___/=/_/_/_/
&amp#27;[32m :: Spring Boot :: &amp#27;[39m              &amp#27;[2m (v3.2.5)&amp#27;[0;39m

&amp#27;[2m2025-10-27T11:05:11.426-04:00&amp#27;[0;39m &amp#27;[32m INFO&amp#27;[0;39m &amp#27;[35m25145&amp#27;[0;39m &amp#27;[2m---&amp#27;[0;39m &amp#27;[2m[codevision-backend] [           main]&amp#27;[0;39m &amp#27;[2m&amp#27;[0;39m&amp#27;[36mc.c.c.p.ProjectSnapshotServiceTest      &amp#27;[0;39m &amp#27;[2m:&amp#27;[0;39m Starting ProjectSnapshotServiceTest using Java 23.0.2 with PID 25145 (started by dhanujgumpella in /Users/dhanujgumpella/jaswingumpella/repos/codevision/backend/api)
&amp#27;[2m2025-10-27T11:05:11.427-04:00&amp#27;[0;39m &amp#27;[32m INFO&amp#27;[0;39m &amp#27;[35m25145&amp#27;[0;39m &amp#27;[2m---&amp#27;[0;39m &amp#27;[2m[codevision-backend] [           main]&amp#27;[0;39m &amp#27;[2m&amp#27;[0;39m&amp#27;[36mc.c.c.p.ProjectSnapshotServiceTest      &amp#27;[0;39m &amp#27;[2m:&amp#27;[0;39m No active profile set, falling back to 1 default profile: "default"
&amp#27;[2m2025-10-27T11:05:11.571-04:00&amp#27;[0;39m &amp#27;[32m INFO&amp#27;[0;39m &amp#27;[35m25145&amp#27;[0;39m &amp#27;[2m---&amp#27;[0;39m &amp#27;[2m[codevision-backend] [           main]&amp#27;[0;39m &amp#27;[2m&amp#27;[0;39m&amp#27;[36m.s.d.r.c.RepositoryConfigurationDelegate&amp#27;[0;39m &amp#27;[2m:&amp#27;[0;39m Bootstrapping Spring Data JPA repositories in DEFAULT mode.
&amp#27;[2m2025-10-27T11:05:11.593-04:00&amp#27;[0;39m &amp#27;[32m INFO&amp#27;[0;39m &amp#27;[35m25145&amp#27;[0;39m &amp#27;[2m---&amp#27;[0;39m &amp#27;[2m[codevision-backend] [           main]&amp#27;[0;39m &amp#27;[2m&amp#27;[0;39m&amp#27;[36m.s.d.r.c.RepositoryConfigurationDelegate&amp#27;[0;39m &amp#27;[2m:&amp#27;[0;39m Finished Spring Data repository scanning in 18 ms. Found 5 JPA repository interfaces.
&amp#27;[2m2025-10-27T11:05:11.613-04:00&amp#27;[0;39m &amp#27;[32m INFO&amp#27;[0;39m &amp#27;[35m25145&amp#27;[0;39m &amp#27;[2m---&amp#27;[0;39m &amp#27;[2m[codevision-backend] [           main]&amp#27;[0;39m &amp#27;[2m&amp#27;[0;39m&amp#27;[36mbeddedDataSourceBeanFactoryPostProcessor&amp#27;[0;39m &amp#27;[2m:&amp#27;[0;39m Replacing 'dataSource' DataSource bean with embedded version
&amp#27;[2m2025-10-27T11:05:11.669-04:00&amp#27;[0;39m &amp#27;[32m INFO&amp#27;[0;39m &amp#27;[35m25145&amp#27;[0;39m &amp#27;[2m---&amp#27;[0;39m &amp#27;[2m[codevision-backend] [           main]&amp#27;[0;39m &amp#27;[2m&amp#27;[0;39m&amp#27;[36mo.s.j.d.e.EmbeddedDatabaseFactory       &amp#27;[0;39m &amp#27;[2m:&amp#27;[0;39m Starting embedded database: url='jdbc:h2:mem:5d566bd7-a092-4cf8-95c6-2cb149fa945f;DB_CLOSE_DELAY=-1;DB_CLOSE_ON_EXIT=false', username='sa'
&amp#27;[2m2025-10-27T11:05:11.771-04:00&amp#27;[0;39m &amp#27;[32m INFO&amp#27;[0;39m &amp#27;[35m25145&amp#27;[0;39m &amp#27;[2m---&amp#27;[0;39m &amp#27;[2m[codevision-backend] [           main]&amp#27;[0;39m &amp#27;[2m&amp#27;[0;39m&amp#27;[36mo.hibernate.jpa.internal.util.LogHelper &amp#27;[0;39m &amp#27;[2m:&amp#27;[0;39m HHH000204: Processing PersistenceUnitInfo [name: default]
&amp#27;[2m2025-10-27T11:05:11.800-04:00&amp#27;[0;39m &amp#27;[32m INFO&amp#27;[0;39m &amp#27;[35m25145&amp#27;[0;39m &amp#27;[2m---&amp#27;[0;39m &amp#27;[2m[codevision-backend] [           main]&amp#27;[0;39m &amp#27;[2m&amp#27;[0;39m&amp#27;[36morg.hibernate.Version                   &amp#27;[0;39m &amp#27;[2m:&amp#27;[0;39m HHH000412: Hibernate ORM core version 6.4.4.Final
&amp#27;[2m2025-10-27T11:05:11.815-04:00&amp#27;[0;39m &amp#27;[32m INFO&amp#27;[0;39m &amp#27;[35m25145&amp#27;[0;39m &amp#27;[2m---&amp#27;[0;39m &amp#27;[2m[codevision-backend] [           main]&amp#27;[0;39m &amp#27;[2m&amp#27;[0;39m&amp#27;[36mo.h.c.internal.RegionFactoryInitiator   &amp#27;[0;39m &amp#27;[2m:&amp#27;[0;39m HHH000026: Second-level cache disabled
&amp#27;[2m2025-10-27T11:05:11.853-04:00&amp#27;[0;39m &amp#27;[32m INFO&amp#27;[0;39m &amp#27;[35m25145&amp#27;[0;39m &amp#27;[2m---&amp#27;[0;39m &amp#27;[2m[codevision-backend] [           main]&amp#27;[0;39m &amp#27;[2m&amp#27;[0;39m&amp#27;[36mo.s.o.j.p.SpringPersistenceUnitInfo     &amp#27;[0;39m &amp#27;[2m:&amp#27;[0;39m No LoadTimeWeaver setup: ignoring JPA class transformer
&amp#27;[2m2025-10-27T11:05:12.157-04:00&amp#27;[0;39m &amp#27;[32m INFO&amp#27;[0;39m &amp#27;[35m25145&amp#27;[0;39m &amp#27;[2m---&amp#27;[0;39m &amp#27;[2m[codevision-backend] [           main]&amp#27;[0;39m &amp#27;[2m&amp#27;[0;39m&amp#27;[36mo.h.e.t.j.p.i.JtaPlatformInitiator      &amp#27;[0;39m &amp#27;[2m:&amp#27;[0;39m HHH000489: No JTA platform available (set 'hibernate.transaction.jta.platform' to enable JTA platform integration)
Hibernate: create table api_endpoint (id bigint generated by default as identity, controller_class varchar(512) not null, controller_method varchar(512), http_method varchar(255), path_or_operation varchar(512) not null, protocol varchar(255) not null, spec_artifacts_json CLOB, project_id bigint not null, primary key (id))
Hibernate: create table asset_image (id bigint generated by default as identity, file_name varchar(255) not null, relative_path varchar(1024) not null, sha256 varchar(64), size_bytes bigint not null, project_id bigint not null, primary key (id))
Hibernate: create table class_metadata (id bigint generated by default as identity, annotations_json CLOB, class_name varchar(255) not null, fully_qualified_name varchar(255) not null, interfaces_json CLOB, package_name varchar(255), relative_path varchar(255), source_set varchar(255) not null, stereotype varchar(255) not null, user_code boolean not null, project_id bigint not null, primary key (id))
Hibernate: create table project (id bigint generated by default as identity, build_artifact_id varchar(255), build_group_id varchar(255), build_java_version varchar(255), build_version varchar(255), last_analyzed_at timestamp(6) with time zone not null, project_name varchar(255) not null, repo_url varchar(255) not null, primary key (id))
Hibernate: create table project_snapshot (project_id bigint not null, created_at timestamp(6) with time zone not null, project_name varchar(255) not null, repo_url varchar(255) not null, snapshot_json CLOB not null, primary key (project_id))
Hibernate: alter table if exists project drop constraint if exists UK_fply2dgvbfr1x2k6s9w4hcr3v
Hibernate: alter table if exists project add constraint UK_fply2dgvbfr1x2k6s9w4hcr3v unique (repo_url)
Hibernate: alter table if exists api_endpoint add constraint FKdimsev0cmjngfevwfhjg51aa7 foreign key (project_id) references project
Hibernate: alter table if exists asset_image add constraint FK38fk3qiw3jw0l4vs2o80p59gj foreign key (project_id) references project
Hibernate: alter table if exists class_metadata add constraint FK5w35a8mw6nd1jbsxjvknkquke foreign key (project_id) references project
&amp#27;[2m2025-10-27T11:05:12.181-04:00&amp#27;[0;39m &amp#27;[32m INFO&amp#27;[0;39m &amp#27;[35m25145&amp#27;[0;39m &amp#27;[2m---&amp#27;[0;39m &amp#27;[2m[codevision-backend] [           main]&amp#27;[0;39m &amp#27;[2m&amp#27;[0;39m&amp#27;[36mj.LocalContainerEntityManagerFactoryBean&amp#27;[0;39m &amp#27;[2m:&amp#27;[0;39m Initialized JPA EntityManagerFactory for persistence unit 'default'
&amp#27;[2m2025-10-27T11:05:12.284-04:00&amp#27;[0;39m &amp#27;[32m INFO&amp#27;[0;39m &amp#27;[35m25145&amp#27;[0;39m &amp#27;[2m---&amp#27;[0;39m &amp#27;[2m[codevision-backend] [           main]&amp#27;[0;39m &amp#27;[2m&amp#27;[0;39m&amp#27;[36mo.s.d.j.r.query.QueryEnhancerFactory    &amp#27;[0;39m &amp#27;[2m:&amp#27;[0;39m Hibernate is in classpath; If applicable, HQL parser will be used.
&amp#27;[2m2025-10-27T11:05:12.505-04:00&amp#27;[0;39m &amp#27;[32m INFO&amp#27;[0;39m &amp#27;[35m25145&amp#27;[0;39m &amp#27;[2m---&amp#27;[0;39m &amp#27;[2m[codevision-backend] [           main]&amp#27;[0;39m &amp#27;[2m&amp#27;[0;39m&amp#27;[36mc.c.c.p.ProjectSnapshotServiceTest      &amp#27;[0;39m &amp#27;[2m:&amp#27;[0;39m Started ProjectSnapshotServiceTest in 1.2 seconds (process running for 2.134)
Hibernate: insert into project (build_artifact_id,build_group_id,build_java_version,build_version,last_analyzed_at,project_name,repo_url,id) values (?,?,?,?,?,?,?,default)
Hibernate: select p1_0.id,p1_0.build_artifact_id,p1_0.build_group_id,p1_0.build_java_version,p1_0.build_version,p1_0.last_analyzed_at,p1_0.project_name,p1_0.repo_url from project p1_0 where p1_0.repo_url=?
Hibernate: select ps1_0.project_id,ps1_0.created_at,ps1_0.project_name,ps1_0.repo_url,ps1_0.snapshot_json from project_snapshot ps1_0 where ps1_0.project_id=?
Hibernate: insert into project_snapshot (created_at,project_name,repo_url,snapshot_json,project_id) values (?,?,?,?,?)
&amp#27;[2m2025-10-27T11:05:12.602-04:00&amp#27;[0;39m &amp#27;[32m INFO&amp#27;[0;39m &amp#27;[35m25145&amp#27;[0;39m &amp#27;[2m---&amp#27;[0;39m &amp#27;[2m[codevision-backend] [           main]&amp#27;[0;39m &amp#27;[2m&amp#27;[0;39m&amp#27;[36mc.c.c.project.ProjectSnapshotService    &amp#27;[0;39m &amp#27;[2m:&amp#27;[0;39m Snapshot persisted for projectId=1 at 2025-10-27T11:05:12.595496-04:00
]]></system-out>
  </testcase>
  <testcase name="fetchSnapshotEnrichesClassesFromStoredMetadata" classname="com.codevision.codevisionbackend.project.ProjectSnapshotServiceTest" time="0.034">
    <system-out><![CDATA[Hibernate: insert into project (build_artifact_id,build_group_id,build_java_version,build_version,last_analyzed_at,project_name,repo_url,id) values (?,?,?,?,?,?,?,default)
Hibernate: insert into class_metadata (annotations_json,class_name,fully_qualified_name,interfaces_json,package_name,project_id,relative_path,source_set,stereotype,user_code,id) values (?,?,?,?,?,?,?,?,?,?,default)
Hibernate: select ps1_0.project_id,ps1_0.created_at,ps1_0.project_name,ps1_0.repo_url,ps1_0.snapshot_json from project_snapshot ps1_0 where ps1_0.project_id=?
Hibernate: insert into project_snapshot (created_at,project_name,repo_url,snapshot_json,project_id) values (?,?,?,?,?)
&amp#27;[2m2025-10-27T11:05:12.616-04:00&amp#27;[0;39m &amp#27;[32m INFO&amp#27;[0;39m &amp#27;[35m25145&amp#27;[0;39m &amp#27;[2m---&amp#27;[0;39m &amp#27;[2m[codevision-backend] [           main]&amp#27;[0;39m &amp#27;[2m&amp#27;[0;39m&amp#27;[36mc.c.c.project.ProjectSnapshotService    &amp#27;[0;39m &amp#27;[2m:&amp#27;[0;39m Snapshot persisted for projectId=2 at 2025-10-27T11:05:12.615363-04:00
Hibernate: select cm1_0.id,cm1_0.annotations_json,cm1_0.class_name,cm1_0.fully_qualified_name,cm1_0.interfaces_json,cm1_0.package_name,cm1_0.project_id,cm1_0.relative_path,cm1_0.source_set,cm1_0.stereotype,cm1_0.user_code from class_metadata cm1_0 join project p1_0 on p1_0.id=cm1_0.project_id where p1_0.id=?
]]></system-out>
  </testcase>
  <testcase name="deleteSnapshotRemovesExistingEntry" classname="com.codevision.codevisionbackend.project.ProjectSnapshotServiceTest" time="0.042">
    <system-out><![CDATA[Hibernate: insert into project (build_artifact_id,build_group_id,build_java_version,build_version,last_analyzed_at,project_name,repo_url,id) values (?,?,?,?,?,?,?,default)
Hibernate: select ps1_0.project_id,ps1_0.created_at,ps1_0.project_name,ps1_0.repo_url,ps1_0.snapshot_json from project_snapshot ps1_0 where ps1_0.project_id=?
Hibernate: insert into project_snapshot (created_at,project_name,repo_url,snapshot_json,project_id) values (?,?,?,?,?)
&amp#27;[2m2025-10-27T11:05:12.649-04:00&amp#27;[0;39m &amp#27;[32m INFO&amp#27;[0;39m &amp#27;[35m25145&amp#27;[0;39m &amp#27;[2m---&amp#27;[0;39m &amp#27;[2m[codevision-backend] [           main]&amp#27;[0;39m &amp#27;[2m&amp#27;[0;39m&amp#27;[36mc.c.c.project.ProjectSnapshotService    &amp#27;[0;39m &amp#27;[2m:&amp#27;[0;39m Snapshot persisted for projectId=3 at 2025-10-27T11:05:12.648274-04:00
Hibernate: select count(*) from project_snapshot ps1_0
&amp#27;[2m2025-10-27T11:05:12.679-04:00&amp#27;[0;39m &amp#27;[32m INFO&amp#27;[0;39m &amp#27;[35m25145&amp#27;[0;39m &amp#27;[2m---&amp#27;[0;39m &amp#27;[2m[codevision-backend] [           main]&amp#27;[0;39m &amp#27;[2m&amp#27;[0;39m&amp#27;[36mc.c.c.project.ProjectSnapshotService    &amp#27;[0;39m &amp#27;[2m:&amp#27;[0;39m Deleted snapshot for projectId=3
Hibernate: delete from project_snapshot where project_id=?
Hibernate: select count(*) from project_snapshot ps1_0
]]></system-out>
  </testcase>
  <testcase name="saveSnapshotPersistsSnapshotForManagedProject" classname="com.codevision.codevisionbackend.project.ProjectSnapshotServiceTest" time="0.013">
    <system-out><![CDATA[Hibernate: insert into project (build_artifact_id,build_group_id,build_java_version,build_version,last_analyzed_at,project_name,repo_url,id) values (?,?,?,?,?,?,?,default)
Hibernate: select ps1_0.project_id,ps1_0.created_at,ps1_0.project_name,ps1_0.repo_url,ps1_0.snapshot_json from project_snapshot ps1_0 where ps1_0.project_id=?
Hibernate: insert into project_snapshot (created_at,project_name,repo_url,snapshot_json,project_id) values (?,?,?,?,?)
&amp#27;[2m2025-10-27T11:05:12.689-04:00&amp#27;[0;39m &amp#27;[32m INFO&amp#27;[0;39m &amp#27;[35m25145&amp#27;[0;39m &amp#27;[2m---&amp#27;[0;39m &amp#27;[2m[codevision-backend] [           main]&amp#27;[0;39m &amp#27;[2m&amp#27;[0;39m&amp#27;[36mc.c.c.project.ProjectSnapshotService    &amp#27;[0;39m &amp#27;[2m:&amp#27;[0;39m Snapshot persisted for projectId=4 at 2025-10-27T11:05:12.689139-04:00
Hibernate: update project_snapshot set created_at=?,project_name=?,repo_url=?,snapshot_json=? where project_id=?
&amp#27;[2m2025-10-27T11:05:12.693-04:00&amp#27;[0;39m &amp#27;[32m INFO&amp#27;[0;39m &amp#27;[35m25145&amp#27;[0;39m &amp#27;[2m---&amp#27;[0;39m &amp#27;[2m[codevision-backend] [           main]&amp#27;[0;39m &amp#27;[2m&amp#27;[0;39m&amp#27;[36mc.c.c.project.ProjectSnapshotService    &amp#27;[0;39m &amp#27;[2m:&amp#27;[0;39m Snapshot persisted for projectId=4 at 2025-10-27T11:05:12.690292-04:00
Hibernate: select count(*) from project_snapshot ps1_0
]]></system-out>
  </testcase>
  <testcase name="directRepositoryInsertAssignsProjectId" classname="com.codevision.codevisionbackend.project.ProjectSnapshotServiceTest" time="0.004">
    <system-out><![CDATA[Hibernate: insert into project (build_artifact_id,build_group_id,build_java_version,build_version,last_analyzed_at,project_name,repo_url,id) values (?,?,?,?,?,?,?,default)
Hibernate: insert into project_snapshot (created_at,project_name,repo_url,snapshot_json,project_id) values (?,?,?,?,?)
]]></system-out>
  </testcase>
</testsuite>